<?xml version="1.0" encoding="UTF-8"?>
<!-- Generated by org.testng.reporters.JUnitXMLReporter -->
<testsuite ignored="0" hostname="DELL_E5430" failures="0" tests="9" name="Default test" time="95.969" errors="0" timestamp="2023-05-10T10:27:52 ICT">
  <testcase classname="futuready.testcases.TC_FU_007_MOT_Motor_Insurance" name="TC_FU_007_MOT_001_User_can_navigate_to_motor_insurance_page" time="17.275"/>
  <testcase classname="futuready.testcases.TC_FU_007_MOT_Motor_Insurance" name="TC_FU_007_MOT_002_User_can_search_motor_brand" time="2.176"/>
  <testcase classname="futuready.testcases.TC_FU_007_MOT_Motor_Insurance" name="TC_FU_007_MOT_003_User_can_select_year" time="3.28"/>
  <testcase classname="futuready.testcases.TC_FU_007_MOT_Motor_Insurance" name="TC_FU_007_MOT_004_User_can_select_vehicle_model" time="3.354"/>
  <testcase classname="futuready.testcases.TC_FU_007_MOT_Motor_Insurance" name="TC_FU_007_MOT_005_User_can_select_vehicle_sub_model" time="5.363"/>
  <testcase classname="futuready.testcases.TC_FU_007_MOT_Motor_Insurance" name="TC_FU_007_MOT_006_User_can_select_additional_search_plan_option" time="5.572"/>
  <testcase classname="futuready.testcases.TC_FU_007_MOT_Motor_Insurance" name="TC_FU_007_MOT_007_User_can_search_insurer_plan" time="7.172"/>
  <testcase classname="futuready.testcases.TC_FU_007_MOT_Motor_Insurance" name="TC_FU_007_MOT_008_User_can_filter_plans_search_result" time="13.071"/>
  <testcase classname="futuready.testcases.TC_FU_007_MOT_Motor_Insurance" name="TC_FU_007_MOT_009_User_can_request_a_quotation" time="25.266"/>
</testsuite> <!-- Default test -->
