<?xml version="1.0" encoding="UTF-8"?>
<testng-results ignored="0" total="4" passed="4" failed="0" skipped="0">
  <reporter-output>
  </reporter-output>
  <suite started-at="2023-03-31T19:11:21 ICT" name="Default suite" finished-at="2023-03-31T19:11:37 ICT" duration-ms="15925">
    <groups>
    </groups>
    <test started-at="2023-03-31T19:11:21 ICT" name="Default test" finished-at="2023-03-31T19:11:37 ICT" duration-ms="15925">
      <class name="futuready.testcases.TC_FU_002_SGN_Sign_Up_New_Account_In_Friends_Page">
        <test-method is-config="true" signature="beforeTest()[pri:0, instance:futuready.testcases.TC_FU_002_SGN_Sign_Up_New_Account_In_Friends_Page@942a29c]" started-at="2023-03-31T19:11:21 ICT" name="beforeTest" finished-at="2023-03-31T19:11:37 ICT" duration-ms="15752" status="PASS">
          <reporter-output>
          </reporter-output>
        </test-method> <!-- beforeTest -->
        <test-method signature="TC_FU_002_SGN_01_User_can_navigate_to_sign_up_a_new_account_page()[pri:0, instance:futuready.testcases.TC_FU_002_SGN_Sign_Up_New_Account_In_Friends_Page@942a29c]" started-at="2023-03-31T19:11:37 ICT" name="TC_FU_002_SGN_01_User_can_navigate_to_sign_up_a_new_account_page" finished-at="2023-03-31T19:11:37 ICT" duration-ms="17" status="PASS">
          <reporter-output>
          </reporter-output>
        </test-method> <!-- TC_FU_002_SGN_01_User_can_navigate_to_sign_up_a_new_account_page -->
        <test-method signature="TC_FU_002_SGN_02_User_can_sign_up_a_new_account()[pri:0, instance:futuready.testcases.TC_FU_002_SGN_Sign_Up_New_Account_In_Friends_Page@942a29c]" started-at="2023-03-31T19:11:37 ICT" name="TC_FU_002_SGN_02_User_can_sign_up_a_new_account" finished-at="2023-03-31T19:11:37 ICT" duration-ms="3" status="PASS">
          <reporter-output>
          </reporter-output>
        </test-method> <!-- TC_FU_002_SGN_02_User_can_sign_up_a_new_account -->
        <test-method signature="TC_FU_002_SGN_03_System_verifies_02_confirmation_checked_boxes_in_the_first_sign_up_page()[pri:0, instance:futuready.testcases.TC_FU_002_SGN_Sign_Up_New_Account_In_Friends_Page@942a29c]" started-at="2023-03-31T19:11:37 ICT" name="TC_FU_002_SGN_03_System_verifies_02_confirmation_checked_boxes_in_the_first_sign_up_page" finished-at="2023-03-31T19:11:37 ICT" duration-ms="2" status="PASS">
          <reporter-output>
          </reporter-output>
        </test-method> <!-- TC_FU_002_SGN_03_System_verifies_02_confirmation_checked_boxes_in_the_first_sign_up_page -->
        <test-method signature="TC_FU_002_SGN_04_System_verifies_required_fields_in_the_first_signup_page()[pri:0, instance:futuready.testcases.TC_FU_002_SGN_Sign_Up_New_Account_In_Friends_Page@942a29c]" started-at="2023-03-31T19:11:37 ICT" name="TC_FU_002_SGN_04_System_verifies_required_fields_in_the_first_signup_page" finished-at="2023-03-31T19:11:37 ICT" duration-ms="6" status="PASS">
          <reporter-output>
          </reporter-output>
        </test-method> <!-- TC_FU_002_SGN_04_System_verifies_required_fields_in_the_first_signup_page -->
        <test-method is-config="true" signature="afterTest()[pri:0, instance:futuready.testcases.TC_FU_002_SGN_Sign_Up_New_Account_In_Friends_Page@942a29c]" started-at="2023-03-31T19:11:37 ICT" name="afterTest" finished-at="2023-03-31T19:11:37 ICT" duration-ms="0" status="PASS">
          <reporter-output>
          </reporter-output>
        </test-method> <!-- afterTest -->
      </class> <!-- futuready.testcases.TC_FU_002_SGN_Sign_Up_New_Account_In_Friends_Page -->
    </test> <!-- Default test -->
  </suite> <!-- Default suite -->
</testng-results>
