<?xml version="1.0" encoding="UTF-8"?>
<testng-results ignored="0" total="7" passed="7" failed="0" skipped="0">
  <reporter-output>
  </reporter-output>
  <suite started-at="2023-04-11T18:56:20 ICT" name="Default suite" finished-at="2023-04-11T19:00:59 ICT" duration-ms="279066">
    <groups>
    </groups>
    <test started-at="2023-04-11T18:56:20 ICT" name="Default test" finished-at="2023-04-11T19:00:59 ICT" duration-ms="279066">
      <class name="futuready.testcases.TC_FU_002_SGN_Sign_Up_New_Account_In_Friends_Page">
        <test-method is-config="true" signature="beforeTest()[pri:0, instance:futuready.testcases.TC_FU_002_SGN_Sign_Up_New_Account_In_Friends_Page@1e6a3214]" started-at="2023-04-11T18:56:20 ICT" name="beforeTest" finished-at="2023-04-11T18:56:31 ICT" duration-ms="11783" status="PASS">
          <reporter-output>
          </reporter-output>
        </test-method> <!-- beforeTest -->
        <test-method signature="TC_FU_002_SGN_01_User_can_navigate_to_sign_up_a_new_account_page()[pri:0, instance:futuready.testcases.TC_FU_002_SGN_Sign_Up_New_Account_In_Friends_Page@1e6a3214]" started-at="2023-04-11T18:56:31 ICT" name="TC_FU_002_SGN_01_User_can_navigate_to_sign_up_a_new_account_page" finished-at="2023-04-11T18:56:39 ICT" duration-ms="7641" status="PASS">
          <reporter-output>
          </reporter-output>
        </test-method> <!-- TC_FU_002_SGN_01_User_can_navigate_to_sign_up_a_new_account_page -->
        <test-method signature="TC_FU_002_SGN_02_User_can_sign_up_a_new_account()[pri:0, instance:futuready.testcases.TC_FU_002_SGN_Sign_Up_New_Account_In_Friends_Page@1e6a3214]" started-at="2023-04-11T18:56:39 ICT" name="TC_FU_002_SGN_02_User_can_sign_up_a_new_account" finished-at="2023-04-11T18:58:27 ICT" duration-ms="108043" status="PASS">
          <reporter-output>
          </reporter-output>
        </test-method> <!-- TC_FU_002_SGN_02_User_can_sign_up_a_new_account -->
        <test-method signature="TC_FU_002_SGN_03_System_verifies_02_confirmation_checked_boxes_in_the_first_sign_up_page()[pri:0, instance:futuready.testcases.TC_FU_002_SGN_Sign_Up_New_Account_In_Friends_Page@1e6a3214]" started-at="2023-04-11T18:58:27 ICT" name="TC_FU_002_SGN_03_System_verifies_02_confirmation_checked_boxes_in_the_first_sign_up_page" finished-at="2023-04-11T18:58:53 ICT" duration-ms="26294" status="PASS">
          <reporter-output>
          </reporter-output>
        </test-method> <!-- TC_FU_002_SGN_03_System_verifies_02_confirmation_checked_boxes_in_the_first_sign_up_page -->
        <test-method signature="TC_FU_002_SGN_04_System_verifies_required_fields_in_the_first_signup_page()[pri:0, instance:futuready.testcases.TC_FU_002_SGN_Sign_Up_New_Account_In_Friends_Page@1e6a3214]" started-at="2023-04-11T18:58:53 ICT" name="TC_FU_002_SGN_04_System_verifies_required_fields_in_the_first_signup_page" finished-at="2023-04-11T18:59:10 ICT" duration-ms="16460" status="PASS">
          <reporter-output>
          </reporter-output>
        </test-method> <!-- TC_FU_002_SGN_04_System_verifies_required_fields_in_the_first_signup_page -->
        <test-method signature="TC_FU_002_SGN_05_System_verifies_02_confirmation_checked_boxes_in_the_second_sign_up_page()[pri:0, instance:futuready.testcases.TC_FU_002_SGN_Sign_Up_New_Account_In_Friends_Page@1e6a3214]" started-at="2023-04-11T18:59:10 ICT" name="TC_FU_002_SGN_05_System_verifies_02_confirmation_checked_boxes_in_the_second_sign_up_page" finished-at="2023-04-11T19:00:20 ICT" duration-ms="70612" status="PASS">
          <reporter-output>
          </reporter-output>
        </test-method> <!-- TC_FU_002_SGN_05_System_verifies_02_confirmation_checked_boxes_in_the_second_sign_up_page -->
        <test-method signature="TC_FU_002_SGN_06_Sytem_verifies_required_fields_in_the_second_sign_up_page()[pri:0, instance:futuready.testcases.TC_FU_002_SGN_Sign_Up_New_Account_In_Friends_Page@1e6a3214]" started-at="2023-04-11T19:00:20 ICT" name="TC_FU_002_SGN_06_Sytem_verifies_required_fields_in_the_second_sign_up_page" finished-at="2023-04-11T19:00:22 ICT" duration-ms="1319" status="PASS">
          <reporter-output>
          </reporter-output>
        </test-method> <!-- TC_FU_002_SGN_06_Sytem_verifies_required_fields_in_the_second_sign_up_page -->
        <test-method signature="TC_FU_002_SGN_07_System_verifies_the_email_address_from_user()[pri:0, instance:futuready.testcases.TC_FU_002_SGN_Sign_Up_New_Account_In_Friends_Page@1e6a3214]" started-at="2023-04-11T19:00:22 ICT" name="TC_FU_002_SGN_07_System_verifies_the_email_address_from_user" finished-at="2023-04-11T19:00:50 ICT" duration-ms="28103" status="PASS">
          <reporter-output>
          </reporter-output>
        </test-method> <!-- TC_FU_002_SGN_07_System_verifies_the_email_address_from_user -->
        <test-method is-config="true" signature="afterTest()[pri:0, instance:futuready.testcases.TC_FU_002_SGN_Sign_Up_New_Account_In_Friends_Page@1e6a3214]" started-at="2023-04-11T19:00:50 ICT" name="afterTest" finished-at="2023-04-11T19:00:59 ICT" duration-ms="8708" status="PASS">
          <reporter-output>
          </reporter-output>
        </test-method> <!-- afterTest -->
      </class> <!-- futuready.testcases.TC_FU_002_SGN_Sign_Up_New_Account_In_Friends_Page -->
    </test> <!-- Default test -->
  </suite> <!-- Default suite -->
</testng-results>
